# JRE version: OpenJDK Runtime Environment (8.0_45-b14) (build 1.8.0_45-internal-b14)
# Java VM: OpenJDK 64-Bit Server VM (25.45-b02 mixed mode linux-amd64 compressed oops)
Heap:
 PSYoungGen      total 1277440K, used 1234481K [0x000000076c800000, 0x00000007bfa80000, 0x00000007c0000000)
  eden space 1196544K, 100% used [0x000000076c800000,0x00000007b5880000,0x00000007b5880000)
  from space 80896K, 46% used [0x00000007bab80000,0x00000007bd08c6f8,0x00000007bfa80000)
  to   space 82944K, 3% used [0x00000007b5880000,0x00000007b5b04b60,0x00000007ba980000)
 ParOldGen       total 859136K, used 431127K [0x00000006c5800000, 0x00000006f9f00000, 0x000000076c800000)
  object space 859136K, 50% used [0x00000006c5800000,0x00000006dfd05c08,0x00000006f9f00000)
 Metaspace       used 28758K, capacity 30323K, committed 30464K, reserved 1073152K
  class space    used 6163K, capacity 6632K, committed 6656K, reserved 1048576K
GC Heap History (10 events):
Event: 2538.090 GC heap after
Heap after GC invocations=6942 (full 70):
 PSYoungGen      total 1279488K, used 47676K [0x000000076c800000, 0x00000007bf900000, 0x00000007c0000000)
  eden space 1199104K, 0% used [0x000000076c800000,0x000000076c800000,0x00000007b5b00000)
  from space 80384K, 59% used [0x00000007ba800000,0x00000007bd68f218,0x00000007bf680000)
  to   space 78848K, 0% used [0x00000007b5b00000,0x00000007b5b00000,0x00000007ba800000)
 ParOldGen       total 859136K, used 406406K [0x00000006c5800000, 0x00000006f9f00000, 0x000000076c800000)
  object space 859136K, 47% used [0x00000006c5800000,0x00000006de4e19c8,0x00000006f9f00000)
 Metaspace       used 28758K, capacity 30323K, committed 30464K, reserved 1073152K
  class space    used 6163K, capacity 6632K, committed 6656K, reserved 1048576K
}
Event: 2538.325 GC heap before
{Heap before GC invocations=6943 (full 70):
 PSYoungGen      total 1279488K, used 1246780K [0x000000076c800000, 0x00000007bf900000, 0x00000007c0000000)
  eden space 1199104K, 100% used [0x000000076c800000,0x00000007b5b00000,0x00000007b5b00000)
  from space 80384K, 59% used [0x00000007ba800000,0x00000007bd68f218,0x00000007bf680000)
  to   space 78848K, 0% used [0x00000007b5b00000,0x00000007b5b00000,0x00000007ba800000)
 ParOldGen       total 859136K, used 406406K [0x00000006c5800000, 0x00000006f9f00000, 0x000000076c800000)
  object space 859136K, 47% used [0x00000006c5800000,0x00000006de4e19c8,0x00000006f9f00000)
 Metaspace       used 28758K, capacity 30323K, committed 30464K, reserved 1073152K
  class space    used 6163K, capacity 6632K, committed 6656K, reserved 1048576K
Event: 2538.354 GC heap after
Heap after GC invocations=6943 (full 70):
 PSYoungGen      total 1277952K, used 72442K [0x000000076c800000, 0x00000007c0000000, 0x00000007c0000000)
  eden space 1199104K, 0% used [0x000000076c800000,0x000000076c800000,0x00000007b5b00000)
  from space 78848K, 91% used [0x00000007b5b00000,0x00000007ba1be990,0x00000007ba800000)
  to   space 87040K, 0% used [0x00000007bab00000,0x00000007bab00000,0x00000007c0000000)
 ParOldGen       total 859136K, used 415318K [0x00000006c5800000, 0x00000006f9f00000, 0x000000076c800000)
  object space 859136K, 48% used [0x00000006c5800000,0x00000006ded959c8,0x00000006f9f00000)
 Metaspace       used 28758K, capacity 30323K, committed 30464K, reserved 1073152K
  class space    used 6163K, capacity 6632K, committed 6656K, reserved 1048576K
}
Event: 2538.657 GC heap before
{Heap before GC invocations=6944 (full 70):
 PSYoungGen      total 1277952K, used 1271546K [0x000000076c800000, 0x00000007c0000000, 0x00000007c0000000)
  eden space 1199104K, 100% used [0x000000076c800000,0x00000007b5b00000,0x00000007b5b00000)
  from space 78848K, 91% used [0x00000007b5b00000,0x00000007ba1be990,0x00000007ba800000)
  to   space 87040K, 0% used [0x00000007bab00000,0x00000007bab00000,0x00000007c0000000)
 ParOldGen       total 859136K, used 415318K [0x00000006c5800000, 0x00000006f9f00000, 0x000000076c800000)
  object space 859136K, 48% used [0x00000006c5800000,0x00000006ded959c8,0x00000006f9f00000)
 Metaspace       used 28758K, capacity 30323K, committed 30464K, reserved 1073152K
  class space    used 6163K, capacity 6632K, committed 6656K, reserved 1048576K
Event: 2538.701 GC heap after
Heap after GC invocations=6944 (full 70):
 PSYoungGen      total 1282560K, used 25679K [0x000000076c800000, 0x00000007c0000000, 0x00000007c0000000)
  eden space 1195520K, 0% used [0x000000076c800000,0x000000076c800000,0x00000007b5780000)
  from space 87040K, 29% used [0x00000007bab00000,0x00000007bc413c08,0x00000007c0000000)
  to   space 85504K, 0% used [0x00000007b5780000,0x00000007b5780000,0x00000007bab00000)
 ParOldGen       total 859136K, used 418446K [0x00000006c5800000, 0x00000006f9f00000, 0x000000076c800000)
  object space 859136K, 48% used [0x00000006c5800000,0x00000006df0a39c8,0x00000006f9f00000)
 Metaspace       used 28758K, capacity 30323K, committed 30464K, reserved 1073152K
  class space    used 6163K, capacity 6632K, committed 6656K, reserved 1048576K
}
Event: 2539.164 GC heap before
{Heap before GC invocations=6945 (full 70):
 PSYoungGen      total 1282560K, used 1221199K [0x000000076c800000, 0x00000007c0000000, 0x00000007c0000000)
  eden space 1195520K, 100% used [0x000000076c800000,0x00000007b5780000,0x00000007b5780000)
  from space 87040K, 29% used [0x00000007bab00000,0x00000007bc413c08,0x00000007c0000000)
  to   space 85504K, 0% used [0x00000007b5780000,0x00000007b5780000,0x00000007bab00000)
 ParOldGen       total 859136K, used 418446K [0x00000006c5800000, 0x00000006f9f00000, 0x000000076c800000)
  object space 859136K, 48% used [0x00000006c5800000,0x00000006df0a39c8,0x00000006f9f00000)
 Metaspace       used 28758K, capacity 30323K, committed 30464K, reserved 1073152K
  class space    used 6163K, capacity 6632K, committed 6656K, reserved 1048576K
Event: 2539.186 GC heap after
Heap after GC invocations=6945 (full 70):
 PSYoungGen      total 1281024K, used 55049K [0x000000076c800000, 0x00000007bff80000, 0x00000007c0000000)
  eden space 1195520K, 0% used [0x000000076c800000,0x000000076c800000,0x00000007b5780000)
  from space 85504K, 64% used [0x00000007b5780000,0x00000007b8d427e0,0x00000007bab00000)
  to   space 86016K, 0% used [0x00000007bab80000,0x00000007bab80000,0x00000007bff80000)
 ParOldGen       total 859136K, used 418470K [0x00000006c5800000, 0x00000006f9f00000, 0x000000076c800000)
  object space 859136K, 48% used [0x00000006c5800000,0x00000006df0a99c8,0x00000006f9f00000)
 Metaspace       used 28758K, capacity 30323K, committed 30464K, reserved 1073152K
  class space    used 6163K, capacity 6632K, committed 6656K, reserved 1048576K
}
Event: 2539.481 GC heap before
{Heap before GC invocations=6946 (full 70):
 PSYoungGen      total 1281024K, used 1250569K [0x000000076c800000, 0x00000007bff80000, 0x00000007c0000000)
  eden space 1195520K, 100% used [0x000000076c800000,0x00000007b5780000,0x00000007b5780000)
  from space 85504K, 64% used [0x00000007b5780000,0x00000007b8d427e0,0x00000007bab00000)
  to   space 86016K, 0% used [0x00000007bab80000,0x00000007bab80000,0x00000007bff80000)
 ParOldGen       total 859136K, used 419567K [0x00000006c5800000, 0x00000006f9f00000, 0x000000076c800000)
  object space 859136K, 48% used [0x00000006c5800000,0x00000006df1bbe88,0x00000006f9f00000)
 Metaspace       used 28758K, capacity 30323K, committed 30464K, reserved 1073152K
  class space    used 6163K, capacity 6632K, committed 6656K, reserved 1048576K
Event: 2539.499 GC heap after
Heap after GC invocations=6946 (full 70):
 PSYoungGen      total 1277440K, used 37937K [0x000000076c800000, 0x00000007bfa80000, 0x00000007c0000000)
  eden space 1196544K, 0% used [0x000000076c800000,0x000000076c800000,0x00000007b5880000)
  from space 80896K, 46% used [0x00000007bab80000,0x00000007bd08c6f8,0x00000007bfa80000)
  to   space 82944K, 0% used [0x00000007b5880000,0x00000007b5880000,0x00000007ba980000)
 ParOldGen       total 859136K, used 428821K [0x00000006c5800000, 0x00000006f9f00000, 0x000000076c800000)
  object space 859136K, 49% used [0x00000006c5800000,0x00000006dfac5468,0x00000006f9f00000)
 Metaspace       used 28758K, capacity 30323K, committed 30464K, reserved 1073152K
  class space    used 6163K, capacity 6632K, committed 6656K, reserved 1048576K
}
Event: 2539.821 GC heap before
{Heap before GC invocations=6947 (full 70):
 PSYoungGen      total 1277440K, used 1234481K [0x000000076c800000, 0x00000007bfa80000, 0x00000007c0000000)
  eden space 1196544K, 100% used [0x000000076c800000,0x00000007b5880000,0x00000007b5880000)
  from space 80896K, 46% used [0x00000007bab80000,0x00000007bd08c6f8,0x00000007bfa80000)
  to   space 82944K, 0% used [0x00000007b5880000,0x00000007b5880000,0x00000007ba980000)
 ParOldGen       total 859136K, used 428822K [0x00000006c5800000, 0x00000006f9f00000, 0x000000076c800000)
  object space 859136K, 49% used [0x00000006c5800000,0x00000006dfac5a88,0x00000006f9f00000)
 Metaspace       used 28758K, capacity 30323K, committed 30464K, reserved 1073152K
  class space    used 6163K, capacity 6632K, committed 6656K, reserved 1048576K

